<?xml version="1.0" encoding="UTF-8"?>
<!-- Generated by org.testng.reporters.JUnitReportReporter -->
<testsuite hostname="DESKTOP-99BDQ9A" failures="0" tests="1" name="com.inetbanking.testCases.TC_AddCustomerTest_003" time="18.933" errors="0" timestamp="23 Sep 2023 08:42:53 GMT">
  <testcase classname="com.inetbanking.testCases.TC_AddCustomerTest_003" name="addNewCustomer" time="18.933"/>
</testsuite> <!-- com.inetbanking.testCases.TC_AddCustomerTest_003 -->
