<?xml version="1.0" encoding="UTF-8"?>
<!-- Generated by org.testng.reporters.JUnitReportReporter -->
<testsuite hostname="DESKTOP-99BDQ9A" failures="0" tests="1" name="com.inetbanking.testCases.TC_loginTest_001" time="1.769" errors="0" timestamp="16 Nov 2023 14:11:02 GMT">
  <testcase classname="com.inetbanking.testCases.TC_loginTest_001" name="loginTest" time="1.769"/>
</testsuite> <!-- com.inetbanking.testCases.TC_loginTest_001 -->
