<?xml version="1.0" encoding="UTF-8"?>
<!-- Generated by org.testng.reporters.JUnitReportReporter -->
<testsuite hostname="DESKTOP-99BDQ9A" failures="0" tests="1" name="com.inetbanking.testCases.TC_DeleteCustomerTest_005" time="15.842" errors="0" timestamp="16 Nov 2023 14:15:57 GMT">
  <testcase classname="com.inetbanking.testCases.TC_DeleteCustomerTest_005" name="deleteCustomer" time="15.842"/>
</testsuite> <!-- com.inetbanking.testCases.TC_DeleteCustomerTest_005 -->
