<?xml version="1.0" encoding="UTF-8"?>
<!-- Generated by org.testng.reporters.JUnitReportReporter -->
<testsuite hostname="DESKTOP-99BDQ9A" failures="0" tests="1" name="com.inetbanking.testCases.TC_AddCustomerTest_003" time="18.167" errors="0" timestamp="16 Nov 2023 14:11:02 GMT">
  <testcase classname="com.inetbanking.testCases.TC_AddCustomerTest_003" name="addNewCustomer" time="18.167"/>
</testsuite> <!-- com.inetbanking.testCases.TC_AddCustomerTest_003 -->
