<?xml version="1.0" encoding="UTF-8"?>
<!-- Generated by org.testng.reporters.JUnitReportReporter -->
<testsuite hostname="DESKTOP-99BDQ9A" failures="0" tests="1" name="com.inetbanking.testCases.TC_loginTest_001" time="1.753" errors="0" timestamp="6 Oct 2023 04:46:26 GMT">
  <testcase classname="com.inetbanking.testCases.TC_loginTest_001" name="loginTest" time="1.753"/>
</testsuite> <!-- com.inetbanking.testCases.TC_loginTest_001 -->
