<?xml version="1.0" encoding="UTF-8"?>
<!-- Generated by org.testng.reporters.JUnitReportReporter -->
<testsuite hostname="DESKTOP-99BDQ9A" failures="0" tests="1" name="com.inetbanking.testCases.TC_AddCustomerTest_003" time="16.789" errors="0" timestamp="25 Oct 2023 15:44:40 GMT">
  <testcase classname="com.inetbanking.testCases.TC_AddCustomerTest_003" name="addNewCustomer" time="16.789"/>
</testsuite> <!-- com.inetbanking.testCases.TC_AddCustomerTest_003 -->
