<?xml version="1.0" encoding="UTF-8"?>
<!-- Generated by org.testng.reporters.JUnitReportReporter -->
<testsuite hostname="DESKTOP-99BDQ9A" failures="0" tests="1" name="com.inetbanking.testCases.TC_EditCustomerTest_004" time="23.506" errors="0" timestamp="4 Nov 2023 09:00:34 GMT">
  <testcase classname="com.inetbanking.testCases.TC_EditCustomerTest_004" name="editCustomer" time="23.506"/>
</testsuite> <!-- com.inetbanking.testCases.TC_EditCustomerTest_004 -->
